# JRE version: Java(TM) SE Runtime Environment (8.0_92-b14) (build 1.8.0_92-b14)
# Java VM: Java HotSpot(TM) 64-Bit Server VM (25.92-b14 mixed mode windows-amd64 compressed oops)
Heap:
 PSYoungGen      total 249344K, used 80947K [0x000000076b780000, 0x000000077ba80000, 0x00000007c0000000)
  eden space 238592K, 33% used [0x000000076b780000,0x000000077068cd70,0x000000077a080000)
  from space 10752K, 0% used [0x000000077b000000,0x000000077b000000,0x000000077ba80000)
  to   space 13312K, 0% used [0x000000077a080000,0x000000077a080000,0x000000077ad80000)
 ParOldGen       total 113152K, used 17730K [0x00000006c2600000, 0x00000006c9480000, 0x000000076b780000)
  object space 113152K, 15% used [0x00000006c2600000,0x00000006c3750b00,0x00000006c9480000)
 Metaspace       used 61125K, capacity 63976K, committed 64128K, reserved 1103872K
  class space    used 8483K, capacity 8987K, committed 9088K, reserved 1048576K
GC Heap History (10 events):
Event: 36.049 GC heap before
{Heap before GC invocations=7 (full 1):
 PSYoungGen      total 136704K, used 58620K [0x000000076b780000, 0x000000077bc80000, 0x00000007c0000000)
  eden space 125952K, 38% used [0x000000076b780000,0x000000076e737bc8,0x0000000773280000)
  from space 10752K, 90% used [0x0000000773280000,0x0000000773c07758,0x0000000773d00000)
  to   space 12800K, 0% used [0x000000077b000000,0x000000077b000000,0x000000077bc80000)
 ParOldGen       total 73728K, used 4731K [0x00000006c2600000, 0x00000006c6e00000, 0x000000076b780000)
  object space 73728K, 6% used [0x00000006c2600000,0x00000006c2a9ee58,0x00000006c6e00000)
 Metaspace       used 33684K, capacity 35404K, committed 35496K, reserved 1079296K
  class space    used 4440K, capacity 4781K, committed 4864K, reserved 1048576K
Event: 36.109 GC heap after
Heap after GC invocations=7 (full 1):
 PSYoungGen      total 249344K, used 9954K [0x000000076b780000, 0x000000077ba80000, 0x00000007c0000000)
  eden space 238592K, 0% used [0x000000076b780000,0x000000076b780000,0x000000077a080000)
  from space 10752K, 92% used [0x000000077b000000,0x000000077b9b8a28,0x000000077ba80000)
  to   space 13312K, 0% used [0x000000077a080000,0x000000077a080000,0x000000077ad80000)
 ParOldGen       total 73728K, used 4739K [0x00000006c2600000, 0x00000006c6e00000, 0x000000076b780000)
  object space 73728K, 6% used [0x00000006c2600000,0x00000006c2aa0e58,0x00000006c6e00000)
 Metaspace       used 33684K, capacity 35404K, committed 35496K, reserved 1079296K
  class space    used 4440K, capacity 4781K, committed 4864K, reserved 1048576K
}
Event: 36.109 GC heap before
{Heap before GC invocations=8 (full 2):
 PSYoungGen      total 249344K, used 9954K [0x000000076b780000, 0x000000077ba80000, 0x00000007c0000000)
  eden space 238592K, 0% used [0x000000076b780000,0x000000076b780000,0x000000077a080000)
  from space 10752K, 92% used [0x000000077b000000,0x000000077b9b8a28,0x000000077ba80000)
  to   space 13312K, 0% used [0x000000077a080000,0x000000077a080000,0x000000077ad80000)
 ParOldGen       total 73728K, used 4739K [0x00000006c2600000, 0x00000006c6e00000, 0x000000076b780000)
  object space 73728K, 6% used [0x00000006c2600000,0x00000006c2aa0e58,0x00000006c6e00000)
 Metaspace       used 33684K, capacity 35404K, committed 35496K, reserved 1079296K
  class space    used 4440K, capacity 4781K, committed 4864K, reserved 1048576K
Event: 36.469 GC heap after
Heap after GC invocations=8 (full 2):
 PSYoungGen      total 249344K, used 0K [0x000000076b780000, 0x000000077ba80000, 0x00000007c0000000)
  eden space 238592K, 0% used [0x000000076b780000,0x000000076b780000,0x000000077a080000)
  from space 10752K, 0% used [0x000000077b000000,0x000000077b000000,0x000000077ba80000)
  to   space 13312K, 0% used [0x000000077a080000,0x000000077a080000,0x000000077ad80000)
 ParOldGen       total 91136K, used 13808K [0x00000006c2600000, 0x00000006c7f00000, 0x000000076b780000)
  object space 91136K, 15% used [0x00000006c2600000,0x00000006c337c0e8,0x00000006c7f00000)
 Metaspace       used 33684K, capacity 35404K, committed 35496K, reserved 1079296K
  class space    used 4440K, capacity 4781K, committed 4864K, reserved 1048576K
}
Event: 60.001 GC heap before
{Heap before GC invocations=9 (full 2):
 PSYoungGen      total 249344K, used 238592K [0x000000076b780000, 0x000000077ba80000, 0x00000007c0000000)
  eden space 238592K, 100% used [0x000000076b780000,0x000000077a080000,0x000000077a080000)
  from space 10752K, 0% used [0x000000077b000000,0x000000077b000000,0x000000077ba80000)
  to   space 13312K, 0% used [0x000000077a080000,0x000000077a080000,0x000000077ad80000)
 ParOldGen       total 91136K, used 13808K [0x00000006c2600000, 0x00000006c7f00000, 0x000000076b780000)
  object space 91136K, 15% used [0x00000006c2600000,0x00000006c337c0e8,0x00000006c7f00000)
 Metaspace       used 55576K, capacity 57582K, committed 57984K, reserved 1099776K
  class space    used 7677K, capacity 8050K, committed 8064K, reserved 1048576K
Event: 60.072 GC heap after
Heap after GC invocations=9 (full 2):
 PSYoungGen      total 251904K, used 13298K [0x000000076b780000, 0x000000077ba80000, 0x00000007c0000000)
  eden space 238592K, 0% used [0x000000076b780000,0x000000076b780000,0x000000077a080000)
  from space 13312K, 99% used [0x000000077a080000,0x000000077ad7ca20,0x000000077ad80000)
  to   space 10752K, 0% used [0x000000077b000000,0x000000077b000000,0x000000077ba80000)
 ParOldGen       total 91136K, used 32523K [0x00000006c2600000, 0x00000006c7f00000, 0x000000076b780000)
  object space 91136K, 35% used [0x00000006c2600000,0x00000006c45c2df8,0x00000006c7f00000)
 Metaspace       used 55576K, capacity 57582K, committed 57984K, reserved 1099776K
  class space    used 7677K, capacity 8050K, committed 8064K, reserved 1048576K
}
Event: 60.616 GC heap before
{Heap before GC invocations=10 (full 2):
 PSYoungGen      total 251904K, used 27276K [0x000000076b780000, 0x000000077ba80000, 0x00000007c0000000)
  eden space 238592K, 5% used [0x000000076b780000,0x000000076c526640,0x000000077a080000)
  from space 13312K, 99% used [0x000000077a080000,0x000000077ad7ca20,0x000000077ad80000)
  to   space 10752K, 0% used [0x000000077b000000,0x000000077b000000,0x000000077ba80000)
 ParOldGen       total 91136K, used 32523K [0x00000006c2600000, 0x00000006c7f00000, 0x000000076b780000)
  object space 91136K, 35% used [0x00000006c2600000,0x00000006c45c2df8,0x00000006c7f00000)
 Metaspace       used 56777K, capacity 58856K, committed 59136K, reserved 1099776K
  class space    used 7819K, capacity 8173K, committed 8192K, reserved 1048576K
Event: 60.664 GC heap after
Heap after GC invocations=10 (full 2):
 PSYoungGen      total 249344K, used 6918K [0x000000076b780000, 0x000000077ba80000, 0x00000007c0000000)
  eden space 238592K, 0% used [0x000000076b780000,0x000000076b780000,0x000000077a080000)
  from space 10752K, 64% used [0x000000077b000000,0x000000077b6c1b80,0x000000077ba80000)
  to   space 13312K, 0% used [0x000000077a080000,0x000000077a080000,0x000000077ad80000)
 ParOldGen       total 91136K, used 32531K [0x00000006c2600000, 0x00000006c7f00000, 0x000000076b780000)
  object space 91136K, 35% used [0x00000006c2600000,0x00000006c45c4df8,0x00000006c7f00000)
 Metaspace       used 56777K, capacity 58856K, committed 59136K, reserved 1099776K
  class space    used 7819K, capacity 8173K, committed 8192K, reserved 1048576K
}
Event: 60.664 GC heap before
{Heap before GC invocations=11 (full 3):
 PSYoungGen      total 249344K, used 6918K [0x000000076b780000, 0x000000077ba80000, 0x00000007c0000000)
  eden space 238592K, 0% used [0x000000076b780000,0x000000076b780000,0x000000077a080000)
  from space 10752K, 64% used [0x000000077b000000,0x000000077b6c1b80,0x000000077ba80000)
  to   space 13312K, 0% used [0x000000077a080000,0x000000077a080000,0x000000077ad80000)
 ParOldGen       total 91136K, used 32531K [0x00000006c2600000, 0x00000006c7f00000, 0x000000076b780000)
  object space 91136K, 35% used [0x00000006c2600000,0x00000006c45c4df8,0x00000006c7f00000)
 Metaspace       used 56777K, capacity 58856K, committed 59136K, reserved 1099776K
  class space    used 7819K, capacity 8173K, committed 8192K, reserved 1048576K
Event: 61.229 GC heap after
Heap after GC invocations=11 (full 3):
 PSYoungGen      total 249344K, used 0K [0x000000076b780000, 0x000000077ba80000, 0x00000007c0000000)
  eden space 238592K, 0% used [0x000000076b780000,0x000000076b780000,0x000000077a080000)
  from space 10752K, 0% used [0x000000077b000000,0x000000077b000000,0x000000077ba80000)
  to   space 13312K, 0% used [0x000000077a080000,0x000000077a080000,0x000000077ad80000)
 ParOldGen       total 113152K, used 17730K [0x00000006c2600000, 0x00000006c9480000, 0x000000076b780000)
  object space 113152K, 15% used [0x00000006c2600000,0x00000006c3750b00,0x00000006c9480000)
 Metaspace       used 56777K, capacity 58856K, committed 59136K, reserved 1099776K
  class space    used 7819K, capacity 8173K, committed 8192K, reserved 1048576K
}

