# JRE version: Java(TM) SE Runtime Environment (8.0_92-b14) (build 1.8.0_92-b14)
# Java VM: Java HotSpot(TM) 64-Bit Server VM (25.92-b14 mixed mode windows-amd64 compressed oops)
Heap:
 PSYoungGen      total 191488K, used 11310K [0x000000076b780000, 0x0000000778580000, 0x00000007c0000000)
  eden space 177152K, 6% used [0x000000076b780000,0x000000076c28bbc0,0x0000000776480000)
  from space 14336K, 0% used [0x0000000777180000,0x0000000777180000,0x0000000777f80000)
  to   space 13312K, 0% used [0x0000000776480000,0x0000000776480000,0x0000000777180000)
 ParOldGen       total 160768K, used 23991K [0x00000006c2600000, 0x00000006cc300000, 0x000000076b780000)
  object space 160768K, 14% used [0x00000006c2600000,0x00000006c3d6dcf8,0x00000006cc300000)
 Metaspace       used 57546K, capacity 59908K, committed 60160K, reserved 1101824K
  class space    used 7978K, capacity 8387K, committed 8448K, reserved 1048576K
GC Heap History (10 events):
Event: 52.777 GC heap before
{Heap before GC invocations=7 (full 1):
 PSYoungGen      total 109568K, used 18979K [0x000000076b780000, 0x0000000777f80000, 0x00000007c0000000)
  eden space 98816K, 8% used [0x000000076b780000,0x000000076bf8f688,0x0000000771800000)
  from space 10752K, 99% used [0x0000000771800000,0x0000000772279818,0x0000000772280000)
  to   space 14336K, 0% used [0x0000000777180000,0x0000000777180000,0x0000000777f80000)
 ParOldGen       total 103424K, used 11023K [0x00000006c2600000, 0x00000006c8b00000, 0x000000076b780000)
  object space 103424K, 10% used [0x00000006c2600000,0x00000006c30c3ef8,0x00000006c8b00000)
 Metaspace       used 33687K, capacity 35404K, committed 35496K, reserved 1079296K
  class space    used 4448K, capacity 4781K, committed 4864K, reserved 1048576K
Event: 52.825 GC heap after
Heap after GC invocations=7 (full 1):
 PSYoungGen      total 191488K, used 8109K [0x000000076b780000, 0x0000000778580000, 0x00000007c0000000)
  eden space 177152K, 0% used [0x000000076b780000,0x000000076b780000,0x0000000776480000)
  from space 14336K, 56% used [0x0000000777180000,0x000000077796b518,0x0000000777f80000)
  to   space 13312K, 0% used [0x0000000776480000,0x0000000776480000,0x0000000777180000)
 ParOldGen       total 103424K, used 11031K [0x00000006c2600000, 0x00000006c8b00000, 0x000000076b780000)
  object space 103424K, 10% used [0x00000006c2600000,0x00000006c30c5ef8,0x00000006c8b00000)
 Metaspace       used 33687K, capacity 35404K, committed 35496K, reserved 1079296K
  class space    used 4448K, capacity 4781K, committed 4864K, reserved 1048576K
}
Event: 52.825 GC heap before
{Heap before GC invocations=8 (full 2):
 PSYoungGen      total 191488K, used 8109K [0x000000076b780000, 0x0000000778580000, 0x00000007c0000000)
  eden space 177152K, 0% used [0x000000076b780000,0x000000076b780000,0x0000000776480000)
  from space 14336K, 56% used [0x0000000777180000,0x000000077796b518,0x0000000777f80000)
  to   space 13312K, 0% used [0x0000000776480000,0x0000000776480000,0x0000000777180000)
 ParOldGen       total 103424K, used 11031K [0x00000006c2600000, 0x00000006c8b00000, 0x000000076b780000)
  object space 103424K, 10% used [0x00000006c2600000,0x00000006c30c5ef8,0x00000006c8b00000)
 Metaspace       used 33687K, capacity 35404K, committed 35496K, reserved 1079296K
  class space    used 4448K, capacity 4781K, committed 4864K, reserved 1048576K
Event: 53.149 GC heap after
Heap after GC invocations=8 (full 2):
 PSYoungGen      total 191488K, used 0K [0x000000076b780000, 0x0000000778580000, 0x00000007c0000000)
  eden space 177152K, 0% used [0x000000076b780000,0x000000076b780000,0x0000000776480000)
  from space 14336K, 0% used [0x0000000777180000,0x0000000777180000,0x0000000777f80000)
  to   space 13312K, 0% used [0x0000000776480000,0x0000000776480000,0x0000000777180000)
 ParOldGen       total 121344K, used 12575K [0x00000006c2600000, 0x00000006c9c80000, 0x000000076b780000)
  object space 121344K, 10% used [0x00000006c2600000,0x00000006c3247d68,0x00000006c9c80000)
 Metaspace       used 33687K, capacity 35404K, committed 35496K, reserved 1079296K
  class space    used 4448K, capacity 4781K, committed 4864K, reserved 1048576K
}
Event: 62.683 GC heap before
{Heap before GC invocations=9 (full 2):
 PSYoungGen      total 191488K, used 177152K [0x000000076b780000, 0x0000000778580000, 0x00000007c0000000)
  eden space 177152K, 100% used [0x000000076b780000,0x0000000776480000,0x0000000776480000)
  from space 14336K, 0% used [0x0000000777180000,0x0000000777180000,0x0000000777f80000)
  to   space 13312K, 0% used [0x0000000776480000,0x0000000776480000,0x0000000777180000)
 ParOldGen       total 121344K, used 12575K [0x00000006c2600000, 0x00000006c9c80000, 0x000000076b780000)
  object space 121344K, 10% used [0x00000006c2600000,0x00000006c3247d68,0x00000006c9c80000)
 Metaspace       used 47771K, capacity 49680K, committed 50176K, reserved 1093632K
  class space    used 6456K, capacity 6799K, committed 6912K, reserved 1048576K
Event: 62.780 GC heap after
Heap after GC invocations=9 (full 2):
 PSYoungGen      total 190464K, used 13307K [0x000000076b780000, 0x0000000778580000, 0x00000007c0000000)
  eden space 177152K, 0% used [0x000000076b780000,0x000000076b780000,0x0000000776480000)
  from space 13312K, 99% used [0x0000000776480000,0x000000077717ec90,0x0000000777180000)
  to   space 14336K, 0% used [0x0000000777180000,0x0000000777180000,0x0000000777f80000)
 ParOldGen       total 121344K, used 23148K [0x00000006c2600000, 0x00000006c9c80000, 0x000000076b780000)
  object space 121344K, 19% used [0x00000006c2600000,0x00000006c3c9b300,0x00000006c9c80000)
 Metaspace       used 47771K, capacity 49680K, committed 50176K, reserved 1093632K
  class space    used 6456K, capacity 6799K, committed 6912K, reserved 1048576K
}
Event: 67.188 GC heap before
{Heap before GC invocations=10 (full 2):
 PSYoungGen      total 190464K, used 90982K [0x000000076b780000, 0x0000000778580000, 0x00000007c0000000)
  eden space 177152K, 43% used [0x000000076b780000,0x000000077035ada0,0x0000000776480000)
  from space 13312K, 99% used [0x0000000776480000,0x000000077717ec90,0x0000000777180000)
  to   space 14336K, 0% used [0x0000000777180000,0x0000000777180000,0x0000000777f80000)
 ParOldGen       total 121344K, used 23148K [0x00000006c2600000, 0x00000006c9c80000, 0x000000076b780000)
  object space 121344K, 19% used [0x00000006c2600000,0x00000006c3c9b300,0x00000006c9c80000)
 Metaspace       used 56838K, capacity 58856K, committed 59136K, reserved 1099776K
  class space    used 7823K, capacity 8173K, committed 8192K, reserved 1048576K
Event: 67.285 GC heap after
Heap after GC invocations=10 (full 2):
 PSYoungGen      total 191488K, used 13535K [0x000000076b780000, 0x0000000778580000, 0x00000007c0000000)
  eden space 177152K, 0% used [0x000000076b780000,0x000000076b780000,0x0000000776480000)
  from space 14336K, 94% used [0x0000000777180000,0x0000000777eb7c68,0x0000000777f80000)
  to   space 13312K, 0% used [0x0000000776480000,0x0000000776480000,0x0000000777180000)
 ParOldGen       total 121344K, used 23156K [0x00000006c2600000, 0x00000006c9c80000, 0x000000076b780000)
  object space 121344K, 19% used [0x00000006c2600000,0x00000006c3c9d300,0x00000006c9c80000)
 Metaspace       used 56838K, capacity 58856K, committed 59136K, reserved 1099776K
  class space    used 7823K, capacity 8173K, committed 8192K, reserved 1048576K
}
Event: 67.285 GC heap before
{Heap before GC invocations=11 (full 3):
 PSYoungGen      total 191488K, used 13535K [0x000000076b780000, 0x0000000778580000, 0x00000007c0000000)
  eden space 177152K, 0% used [0x000000076b780000,0x000000076b780000,0x0000000776480000)
  from space 14336K, 94% used [0x0000000777180000,0x0000000777eb7c68,0x0000000777f80000)
  to   space 13312K, 0% used [0x0000000776480000,0x0000000776480000,0x0000000777180000)
 ParOldGen       total 121344K, used 23156K [0x00000006c2600000, 0x00000006c9c80000, 0x000000076b780000)
  object space 121344K, 19% used [0x00000006c2600000,0x00000006c3c9d300,0x00000006c9c80000)
 Metaspace       used 56838K, capacity 58856K, committed 59136K, reserved 1099776K
  class space    used 7823K, capacity 8173K, committed 8192K, reserved 1048576K
Event: 67.854 GC heap after
Heap after GC invocations=11 (full 3):
 PSYoungGen      total 191488K, used 0K [0x000000076b780000, 0x0000000778580000, 0x00000007c0000000)
  eden space 177152K, 0% used [0x000000076b780000,0x000000076b780000,0x0000000776480000)
  from space 14336K, 0% used [0x0000000777180000,0x0000000777180000,0x0000000777f80000)
  to   space 13312K, 0% used [0x0000000776480000,0x0000000776480000,0x0000000777180000)
 ParOldGen       total 160768K, used 23991K [0x00000006c2600000, 0x00000006cc300000, 0x000000076b780000)
  object space 160768K, 14% used [0x00000006c2600000,0x00000006c3d6dcf8,0x00000006cc300000)
 Metaspace       used 56838K, capacity 58856K, committed 59136K, reserved 1099776K
  class space    used 7823K, capacity 8173K, committed 8192K, reserved 1048576K
}

